[Wed Jul 26 22:59:45 2017] INFO: Opened log file Urho3D.log
[Wed Jul 26 22:59:45 2017] INFO: Created 3 worker threads
[Wed Jul 26 22:59:45 2017] INFO: Added resource path /home/samson/Documents/GitHub/space-game/Build/bin/Data/
[Wed Jul 26 22:59:45 2017] INFO: Added resource path /home/samson/Documents/GitHub/space-game/Build/bin/CoreData/
[Wed Jul 26 22:59:45 2017] INFO: Set screen mode 1280x720 windowed monitor 0 resizable
[Wed Jul 26 22:59:45 2017] INFO: Initialized input
[Wed Jul 26 22:59:45 2017] INFO: Initialized user interface
[Wed Jul 26 22:59:45 2017] INFO: Initialized renderer
[Wed Jul 26 22:59:45 2017] INFO: Set audio mode 44100 Hz stereo interpolated
[Wed Jul 26 22:59:45 2017] INFO: Initialized engine
[Wed Jul 26 22:59:46 2017] INFO: Keys: tab = toggle mouse, AWSD = move camera, Shift = fast mode, Esc = quit.
201 frames in 1.0008 seconds = 200.83 fps
[Wed Jul 26 22:59:47 2017] INFO: Keys: tab = toggle mouse, AWSD = move camera, Shift = fast mode, Esc = quit.
200 frames in 1.0007 seconds = 199.85 fps
[Wed Jul 26 22:59:48 2017] INFO: Keys: tab = toggle mouse, AWSD = move camera, Shift = fast mode, Esc = quit.
199 frames in 1.0009 seconds = 198.81 fps
[Wed Jul 26 22:59:49 2017] INFO: Keys: tab = toggle mouse, AWSD = move camera, Shift = fast mode, Esc = quit.
200 frames in 1.0000 seconds = 199.99 fps
[Wed Jul 26 22:59:50 2017] INFO: Keys: tab = toggle mouse, AWSD = move camera, Shift = fast mode, Esc = quit.
200 frames in 1.0000 seconds = 199.99 fps
[Wed Jul 26 22:59:51 2017] INFO: Keys: tab = toggle mouse, AWSD = move camera, Shift = fast mode, Esc = quit.
200 frames in 1.0000 seconds = 199.99 fps
[Wed Jul 26 22:59:52 2017] INFO: Keys: tab = toggle mouse, AWSD = move camera, Shift = fast mode, Esc = quit.
200 frames in 1.0000 seconds = 199.99 fps
[Wed Jul 26 22:59:53 2017] INFO: Keys: tab = toggle mouse, AWSD = move camera, Shift = fast mode, Esc = quit.
200 frames in 1.0000 seconds = 199.99 fps
[Wed Jul 26 22:59:54 2017] INFO: Keys: tab = toggle mouse, AWSD = move camera, Shift = fast mode, Esc = quit.
200 frames in 1.0000 seconds = 199.99 fps
[Wed Jul 26 22:59:55 2017] INFO: Keys: tab = toggle mouse, AWSD = move camera, Shift = fast mode, Esc = quit.
200 frames in 1.0000 seconds = 199.99 fps
[Wed Jul 26 22:59:56 2017] INFO: Keys: tab = toggle mouse, AWSD = move camera, Shift = fast mode, Esc = quit.
200 frames in 1.0000 seconds = 199.99 fps
[Wed Jul 26 22:59:57 2017] INFO: Keys: tab = toggle mouse, AWSD = move camera, Shift = fast mode, Esc = quit.
200 frames in 1.0000 seconds = 199.99 fps
[Wed Jul 26 22:59:58 2017] INFO: Keys: tab = toggle mouse, AWSD = move camera, Shift = fast mode, Esc = quit.
200 frames in 1.0000 seconds = 199.99 fps
[Wed Jul 26 22:59:59 2017] INFO: Keys: tab = toggle mouse, AWSD = move camera, Shift = fast mode, Esc = quit.
200 frames in 1 seconds = 200 fps
[Wed Jul 26 23:00:00 2017] INFO: Keys: tab = toggle mouse, AWSD = move camera, Shift = fast mode, Esc = quit.
200 frames in 1.0005 seconds = 199.89 fps
[Wed Jul 26 23:00:01 2017] INFO: Keys: tab = toggle mouse, AWSD = move camera, Shift = fast mode, Esc = quit.
200 frames in 1.0000 seconds = 199.99 fps
[Wed Jul 26 23:00:02 2017] INFO: Keys: tab = toggle mouse, AWSD = move camera, Shift = fast mode, Esc = quit.
200 frames in 1.0000 seconds = 199.99 fps
[Wed Jul 26 23:00:03 2017] INFO: Keys: tab = toggle mouse, AWSD = move camera, Shift = fast mode, Esc = quit.
200 frames in 1.0005 seconds = 199.89 fps
[Wed Jul 26 23:00:04 2017] INFO: Keys: tab = toggle mouse, AWSD = move camera, Shift = fast mode, Esc = quit.
200 frames in 1.0002 seconds = 199.95 fps
[Wed Jul 26 23:00:05 2017] INFO: Keys: tab = toggle mouse, AWSD = move camera, Shift = fast mode, Esc = quit.
200 frames in 1.0000 seconds = 199.99 fps
[Wed Jul 26 23:00:06 2017] INFO: Keys: tab = toggle mouse, AWSD = move camera, Shift = fast mode, Esc = quit.
200 frames in 1.0000 seconds = 199.98 fps
[Wed Jul 26 23:00:07 2017] INFO: Keys: tab = toggle mouse, AWSD = move camera, Shift = fast mode, Esc = quit.
200 frames in 1.0000 seconds = 199.99 fps
[Wed Jul 26 23:00:08 2017] INFO: Keys: tab = toggle mouse, AWSD = move camera, Shift = fast mode, Esc = quit.
200 frames in 1.0000 seconds = 199.99 fps
[Wed Jul 26 23:00:09 2017] INFO: Keys: tab = toggle mouse, AWSD = move camera, Shift = fast mode, Esc = quit.
200 frames in 1.0002 seconds = 199.95 fps
[Wed Jul 26 23:00:10 2017] INFO: Keys: tab = toggle mouse, AWSD = move camera, Shift = fast mode, Esc = quit.
200 frames in 1.0000 seconds = 199.99 fps
[Wed Jul 26 23:00:11 2017] INFO: Keys: tab = toggle mouse, AWSD = move camera, Shift = fast mode, Esc = quit.
200 frames in 1 seconds = 199.99 fps
[Wed Jul 26 23:00:12 2017] INFO: Keys: tab = toggle mouse, AWSD = move camera, Shift = fast mode, Esc = quit.
201 frames in 1.005 seconds = 200 fps
[Wed Jul 26 23:00:13 2017] INFO: Keys: tab = toggle mouse, AWSD = move camera, Shift = fast mode, Esc = quit.
200 frames in 1.0000 seconds = 199.99 fps
[Wed Jul 26 23:00:14 2017] INFO: Keys: tab = toggle mouse, AWSD = move camera, Shift = fast mode, Esc = quit.
200 frames in 1.0000 seconds = 199.99 fps
[Wed Jul 26 23:00:15 2017] INFO: Keys: tab = toggle mouse, AWSD = move camera, Shift = fast mode, Esc = quit.
200 frames in 1.0022 seconds = 199.55 fps
[Wed Jul 26 23:00:16 2017] INFO: Keys: tab = toggle mouse, AWSD = move camera, Shift = fast mode, Esc = quit.
200 frames in 1.0000 seconds = 199.99 fps
[Wed Jul 26 23:00:17 2017] INFO: Keys: tab = toggle mouse, AWSD = move camera, Shift = fast mode, Esc = quit.
200 frames in 1.0008 seconds = 199.82 fps
[Wed Jul 26 23:00:18 2017] INFO: Keys: tab = toggle mouse, AWSD = move camera, Shift = fast mode, Esc = quit.
200 frames in 1.0004 seconds = 199.92 fps
[Wed Jul 26 23:00:19 2017] INFO: Keys: tab = toggle mouse, AWSD = move camera, Shift = fast mode, Esc = quit.
200 frames in 1.0015 seconds = 199.69 fps
